To honour the JVM settings for this build a single-use Daemon process will be forked. For more on this, please refer to https://docs.gradle.org/9.4.1/userguide/gradle_daemon.html#sec:disabling_the_daemon in the Gradle documentation.
Daemon will be stopped at the end of the build 
> Task :bootBuildInfo
> Task :compileJava UP-TO-DATE
> Task :generateGitProperties
> Task :processResources UP-TO-DATE
> Task :classes
> Task :resolveMainClassName

> Task :processAot

  .   ____          _            __ _ _
 /\\ / ___'_ __ _ _(_)_ __  __ _ \ \ \ \
( ( )\___ | '_ | '_| | '_ \/ _` | \ \ \ \
 \\/  ___)| |_)| | | | | || (_| |  ) ) ) )
  '  |____| .__|_| |_|_| |_\__, | / / / /
 =========|_|==============|___/=/_/_/_/

 :: Spring Boot ::                (v4.0.6)

2026-05-09T22:03:32.469+08:00  INFO 5085 --- [skillshub] [           main] i.g.s.skillshub.SkillshubApplication     : Starting SkillshubApplication using Java 25.0.1 with PID 5085 (/Users/samzhu/workspace/github-samzhu/skills-hub/backend/build/classes/java/main started by samzhu in /Users/samzhu/workspace/github-samzhu/skills-hub/backend)
2026-05-09T22:03:32.470+08:00  INFO 5085 --- [skillshub] [           main] i.g.s.skillshub.SkillshubApplication     : The following 2 profiles are active: "aot", "local"
2026-05-09T22:03:33.234+08:00  INFO 5085 --- [skillshub] [           main] .s.d.r.c.RepositoryConfigurationDelegate : Bootstrapping Spring Data JDBC repositories in DEFAULT mode.
2026-05-09T22:03:33.342+08:00  INFO 5085 --- [skillshub] [           main] .s.d.r.c.RepositoryConfigurationDelegate : Finished Spring Data repository scanning in 103 ms. Found 13 JDBC repository interfaces.
2026-05-09T22:03:33.612+08:00  INFO 5085 --- [skillshub] [           main] o.s.cloud.context.scope.GenericScope     : BeanFactory id=603097be-6e01-3a71-bb95-4692a90e600b
2026-05-09T22:03:34.949+08:00  INFO 5085 --- [skillshub] [cTaskExecutor-1] com.tngtech.archunit.core.PluginLoader   : Detected Java version 25.0.1
2026-05-09T22:03:36.559+08:00  INFO 5085 --- [skillshub] [           main] pplicationModulesFileGeneratingProcessor : Generating application modules information to META-INF/spring-modulith/application-modules.json
2026-05-09T22:03:36.882+08:00  INFO 5085 --- [skillshub] [           main] a.TransactionalEventListenerAotProcessor : Registering SkillDownloadedEvent (parameter of transactional event listener method io.github.samzhu.skillshub.analytics.AnalyticsProjection.on(ŌĆ”)) for reflection.
2026-05-09T22:03:36.883+08:00  INFO 5085 --- [skillshub] [           main] a.TransactionalEventListenerAotProcessor : Registering SkillRiskAssessedEvent (parameter of transactional event listener method io.github.samzhu.skillshub.audit.AuditEventListener.on(ŌĆ”)) for reflection.
2026-05-09T22:03:36.883+08:00  INFO 5085 --- [skillshub] [           main] a.TransactionalEventListenerAotProcessor : Registering SkillVersionPublishedFromAggregate (parameter of transactional event listener method io.github.samzhu.skillshub.audit.AuditEventListener.on(ŌĆ”)) for reflection.
2026-05-09T22:03:36.883+08:00  INFO 5085 --- [skillshub] [           main] a.TransactionalEventListenerAotProcessor : Registering SkillVersionPublishedEvent (parameter of transactional event listener method io.github.samzhu.skillshub.audit.AuditEventListener.on(ŌĆ”)) for reflection.
2026-05-09T22:03:36.883+08:00  INFO 5085 --- [skillshub] [           main] a.TransactionalEventListenerAotProcessor : Registering SkillCreatedEvent (parameter of transactional event listener method io.github.samzhu.skillshub.audit.AuditEventListener.on(ŌĆ”)) for reflection.
2026-05-09T22:03:36.883+08:00  INFO 5085 --- [skillshub] [           main] a.TransactionalEventListenerAotProcessor : Registering SkillSuspendedEvent (parameter of transactional event listener method io.github.samzhu.skillshub.audit.AuditEventListener.on(ŌĆ”)) for reflection.
2026-05-09T22:03:36.883+08:00  INFO 5085 --- [skillshub] [           main] a.TransactionalEventListenerAotProcessor : Registering SkillAclGrantedEvent (parameter of transactional event listener method io.github.samzhu.skillshub.audit.AuditEventListener.on(ŌĆ”)) for reflection.
2026-05-09T22:03:36.883+08:00  INFO 5085 --- [skillshub] [           main] a.TransactionalEventListenerAotProcessor : Registering SkillAclRevokedEvent (parameter of transactional event listener method io.github.samzhu.skillshub.audit.AuditEventListener.on(ŌĆ”)) for reflection.
2026-05-09T22:03:36.883+08:00  INFO 5085 --- [skillshub] [           main] a.TransactionalEventListenerAotProcessor : Registering SkillDownloadedEvent (parameter of transactional event listener method io.github.samzhu.skillshub.audit.AuditEventListener.on(ŌĆ”)) for reflection.
2026-05-09T22:03:36.884+08:00  INFO 5085 --- [skillshub] [           main] a.TransactionalEventListenerAotProcessor : Registering SkillReactivatedEvent (parameter of transactional event listener method io.github.samzhu.skillshub.audit.AuditEventListener.on(ŌĆ”)) for reflection.
2026-05-09T22:03:36.888+08:00  INFO 5085 --- [skillshub] [           main] a.TransactionalEventListenerAotProcessor : Registering SkillFlaggedEvent (parameter of transactional event listener method io.github.samzhu.skillshub.notification.NotificationProjectionListener.onSkillFlagged(ŌĆ”)) for reflection.
2026-05-09T22:03:36.888+08:00  INFO 5085 --- [skillshub] [           main] a.TransactionalEventListenerAotProcessor : Registering ReviewCreatedEvent (parameter of transactional event listener method io.github.samzhu.skillshub.notification.NotificationProjectionListener.onReviewCreated(ŌĆ”)) for reflection.
2026-05-09T22:03:36.888+08:00  INFO 5085 --- [skillshub] [           main] a.TransactionalEventListenerAotProcessor : Registering RequestClaimedEvent (parameter of transactional event listener method io.github.samzhu.skillshub.notification.NotificationProjectionListener.onRequestClaimed(ŌĆ”)) for reflection.
2026-05-09T22:03:36.888+08:00  INFO 5085 --- [skillshub] [           main] a.TransactionalEventListenerAotProcessor : Registering RequestFulfilledEvent (parameter of transactional event listener method io.github.samzhu.skillshub.notification.NotificationProjectionListener.onRequestFulfilled(ŌĆ”)) for reflection.
2026-05-09T22:03:36.888+08:00  INFO 5085 --- [skillshub] [           main] a.TransactionalEventListenerAotProcessor : Registering SkillVersionPublishedEvent (parameter of transactional event listener method io.github.samzhu.skillshub.notification.NotificationProjectionListener.onVersionPublished(ŌĆ”)) for reflection.
2026-05-09T22:03:36.891+08:00  INFO 5085 --- [skillshub] [           main] a.TransactionalEventListenerAotProcessor : Registering ReviewCreatedEvent (parameter of transactional event listener method io.github.samzhu.skillshub.review.SkillRatingProjectionListener.onReviewCreated(ŌĆ”)) for reflection.
2026-05-09T22:03:36.891+08:00  INFO 5085 --- [skillshub] [           main] a.TransactionalEventListenerAotProcessor : Registering ReviewDeletedEvent (parameter of transactional event listener method io.github.samzhu.skillshub.review.SkillRatingProjectionListener.onReviewDeleted(ŌĆ”)) for reflection.
2026-05-09T22:03:36.894+08:00  INFO 5085 --- [skillshub] [           main] a.TransactionalEventListenerAotProcessor : Registering SkillVersionPublishedEvent (parameter of transactional event listener method io.github.samzhu.skillshub.score.QualityScoreListener.on(ŌĆ”)) for reflection.
2026-05-09T22:03:36.897+08:00  INFO 5085 --- [skillshub] [           main] a.TransactionalEventListenerAotProcessor : Registering SkillVersionPublishedEvent (parameter of transactional event listener method io.github.samzhu.skillshub.search.SearchProjection.onVersionPublished(ŌĆ”)) for reflection.
2026-05-09T22:03:36.897+08:00  INFO 5085 --- [skillshub] [           main] a.TransactionalEventListenerAotProcessor : Registering SkillCreatedEvent (parameter of transactional event listener method io.github.samzhu.skillshub.search.SearchProjection.onSkillCreated(ŌĆ”)) for reflection.
2026-05-09T22:03:36.897+08:00  INFO 5085 --- [skillshub] [           main] a.TransactionalEventListenerAotProcessor : Registering SkillSuspendedEvent (parameter of transactional event listener method io.github.samzhu.skillshub.search.SearchProjection.onSkillSuspended(ŌĆ”)) for reflection.
2026-05-09T22:03:36.897+08:00  INFO 5085 --- [skillshub] [           main] a.TransactionalEventListenerAotProcessor : Registering SkillReactivatedEvent (parameter of transactional event listener method io.github.samzhu.skillshub.search.SearchProjection.onSkillReactivated(ŌĆ”)) for reflection.
2026-05-09T22:03:36.900+08:00  INFO 5085 --- [skillshub] [           main] a.TransactionalEventListenerAotProcessor : Registering SkillVersionPublishedEvent (parameter of transactional event listener method io.github.samzhu.skillshub.security.scan.ScanOrchestrator.on(ŌĆ”)) for reflection.
2026-05-09T22:03:36.910+08:00  INFO 5085 --- [skillshub] [           main] a.TransactionalEventListenerAotProcessor : Registering SkillCreatedEvent (parameter of transactional event listener method io.github.samzhu.skillshub.skill.security.SkillAclProjectionListener.onSkillCreated(ŌĆ”)) for reflection.
2026-05-09T22:03:36.910+08:00  INFO 5085 --- [skillshub] [           main] a.TransactionalEventListenerAotProcessor : Registering SkillGrantedEvent (parameter of transactional event listener method io.github.samzhu.skillshub.skill.security.SkillAclProjectionListener.onGranted(ŌĆ”)) for reflection.
2026-05-09T22:03:36.910+08:00  INFO 5085 --- [skillshub] [           main] a.TransactionalEventListenerAotProcessor : Registering SkillRevokedEvent (parameter of transactional event listener method io.github.samzhu.skillshub.skill.security.SkillAclProjectionListener.onRevoked(ŌĆ”)) for reflection.

> Task :compileAotJava
> Task :processAotResources
> Task :aotClasses
> Task :jar

> Task :generateResourcesConfigFile
[native-image-plugin] Resources configuration written into /Users/samzhu/workspace/github-samzhu/skills-hub/backend/build/native/generated/generateResourcesConfigFile/resource-config.json

> Task :nativeCompile
[native-image-plugin] GraalVM Toolchain detection is disabled
[native-image-plugin] GraalVM location read from environment variable: JAVA_HOME
[native-image-plugin] Native Image executable path: /Users/samzhu/.sdkman/candidates/java/25.0.1-graalce/lib/svm/bin/native-image
Warning: The option '-H:ReflectionConfigurationResources=META-INF/native-image/com.networknt/json-schema-validator/reflect-config.json' is experimental and must be enabled via '-H:+UnlockExperimentalVMOptions' in the future.
Warning: The option '-H:ResourceConfigurationResources=META-INF/native-image/com.networknt/json-schema-validator/resource-config.json' is experimental and must be enabled via '-H:+UnlockExperimentalVMOptions' in the future.
Warning: Please re-evaluate whether any experimental option is required, and either remove or unlock it. The build output lists all active experimental options, including where they come from and possible alternatives. If you think an experimental option should be considered as stable, please file an issue.
Warning: Option 'DynamicProxyConfigurationResources' is deprecated and might be removed in a future release: This can be caused by a proxy-config.json file in your META-INF directory. Consider including proxy configuration in the reflection section of reachability-metadata.md instead.. Please refer to the GraalVM release notes.
Warning: Option 'DynamicProxyConfigurationResources' is deprecated and might be removed in a future release: This can be caused by a proxy-config.json file in your META-INF directory. Consider including proxy configuration in the reflection section of reachability-metadata.md instead.. Please refer to the GraalVM release notes.
Warning: Option 'DynamicProxyConfigurationResources' is deprecated and might be removed in a future release: This can be caused by a proxy-config.json file in your META-INF directory. Consider including proxy configuration in the reflection section of reachability-metadata.md instead.. Please refer to the GraalVM release notes.
========================================================================================================================
GraalVM Native Image: Generating 'skillshub' (executable)...
========================================================================================================================
For detailed information and explanations on the build output, visit:
https://github.com/oracle/graal/blob/master/docs/reference-manual/native-image/BuildOutput.md
------------------------------------------------------------------------------------------------------------------------
Warning: Cannot register dynamic proxy for interface list: net.bytebuddy.description.method.MethodDescription$InDefinedShape$AbstractBase$Executable. Reason: Class net.bytebuddy.description.method.MethodDescription$InDefinedShape$AbstractBase$Executable not found..
Warning: Cannot register dynamic proxy for interface list: net.bytebuddy.description.method.ParameterDescription$ForLoadedParameter$Parameter. Reason: Class net.bytebuddy.description.method.ParameterDescription$ForLoadedParameter$Parameter not found..
Warning: Cannot register dynamic proxy for interface list: net.bytebuddy.description.method.ParameterList$ForLoadedExecutable$Executable. Reason: Class net.bytebuddy.description.method.ParameterList$ForLoadedExecutable$Executable not found..
Warning: Cannot register dynamic proxy for interface list: net.bytebuddy.description.type.TypeDefinition$Sort$AnnotatedType. Reason: Class net.bytebuddy.description.type.TypeDefinition$Sort$AnnotatedType not found..
Warning: Cannot register dynamic proxy for interface list: net.bytebuddy.description.type.TypeDescription. Reason: Class net.bytebuddy.description.type.TypeDescription not found..
Warning: Cannot register dynamic proxy for interface list: net.bytebuddy.description.type.TypeDescription$ForLoadedType$Dispatcher. Reason: Class net.bytebuddy.description.type.TypeDescription$ForLoadedType$Dispatcher not found..
Warning: Cannot register dynamic proxy for interface list: net.bytebuddy.description.type.TypeDescription$Generic. Reason: Class net.bytebuddy.description.type.TypeDescription$Generic not found..
Warning: Cannot register dynamic proxy for interface list: net.bytebuddy.description.type.TypeDescription$Generic$AnnotationReader$Delegator$ForLoadedExecutableExceptionType$Dispatcher. Reason: Class net.bytebuddy.description.type.TypeDescription$Generic$AnnotationReader$Delegator$ForLoadedExecutableExceptionType$Dispatcher not found..
Warning: Cannot register dynamic proxy for interface list: net.bytebuddy.description.type.TypeDescription$Generic$AnnotationReader$Delegator$ForLoadedExecutableParameterType$Dispatcher. Reason: Class net.bytebuddy.description.type.TypeDescription$Generic$AnnotationReader$Delegator$ForLoadedExecutableParameterType$Dispatcher not found..
Warning: Cannot register dynamic proxy for interface list: net.bytebuddy.description.type.TypeDescription$Generic$AnnotationReader$Delegator$ForLoadedField$Dispatcher. Reason: Class net.bytebuddy.description.type.TypeDescription$Generic$AnnotationReader$Delegator$ForLoadedField$Dispatcher not found..
Warning: Cannot register dynamic proxy for interface list: net.bytebuddy.description.type.TypeDescription$Generic$AnnotationReader$Delegator$ForLoadedMethodReturnType$Dispatcher. Reason: Class net.bytebuddy.description.type.TypeDescription$Generic$AnnotationReader$Delegator$ForLoadedMethodReturnType$Dispatcher not found..
Warning: Cannot register dynamic proxy for interface list: net.bytebuddy.description.type.TypeDescription$Generic$AnnotationReader$ForComponentType$AnnotatedParameterizedType. Reason: Class net.bytebuddy.description.type.TypeDescription$Generic$AnnotationReader$ForComponentType$AnnotatedParameterizedType not found..
Warning: Cannot register dynamic proxy for interface list: net.bytebuddy.description.type.TypeDescription$Generic$AnnotationReader$ForOwnerType$AnnotatedType. Reason: Class net.bytebuddy.description.type.TypeDescription$Generic$AnnotationReader$ForOwnerType$AnnotatedType not found..
Warning: Cannot register dynamic proxy for interface list: net.bytebuddy.description.type.TypeDescription$Generic$AnnotationReader$ForTypeArgument$AnnotatedParameterizedType. Reason: Class net.bytebuddy.description.type.TypeDescription$Generic$AnnotationReader$ForTypeArgument$AnnotatedParameterizedType not found..
Warning: Cannot register dynamic proxy for interface list: net.bytebuddy.description.type.TypeDescription$Generic$AnnotationReader$ForTypeVariableBoundType$AnnotatedTypeVariable. Reason: Class net.bytebuddy.description.type.TypeDescription$Generic$AnnotationReader$ForTypeVariableBoundType$AnnotatedTypeVariable not found..
Warning: Cannot register dynamic proxy for interface list: net.bytebuddy.description.type.TypeDescription$Generic$AnnotationReader$ForTypeVariableBoundType$OfFormalTypeVariable$FormalTypeVariable. Reason: Class net.bytebuddy.description.type.TypeDescription$Generic$AnnotationReader$ForTypeVariableBoundType$OfFormalTypeVariable$FormalTypeVariable not found..
Warning: Cannot register dynamic proxy for interface list: net.bytebuddy.description.type.TypeDescription$Generic$AnnotationReader$ForWildcardLowerBoundType$AnnotatedWildcardType. Reason: Class net.bytebuddy.description.type.TypeDescription$Generic$AnnotationReader$ForWildcardLowerBoundType$AnnotatedWildcardType not found..
Warning: Cannot register dynamic proxy for interface list: net.bytebuddy.description.type.TypeDescription$Generic$AnnotationReader$ForWildcardUpperBoundType$AnnotatedWildcardType. Reason: Class net.bytebuddy.description.type.TypeDescription$Generic$AnnotationReader$ForWildcardUpperBoundType$AnnotatedWildcardType not found..
Warning: Cannot register dynamic proxy for interface list: net.bytebuddy.dynamic.loading.ClassInjector$UsingReflection$System. Reason: Class net.bytebuddy.dynamic.loading.ClassInjector$UsingReflection$System not found..
Warning: Cannot register dynamic proxy for interface list: net.bytebuddy.dynamic.loading.ClassInjector$UsingUnsafe$System. Reason: Class net.bytebuddy.dynamic.loading.ClassInjector$UsingUnsafe$System not found..
Warning: Cannot register dynamic proxy for interface list: net.bytebuddy.utility.JavaConstant$Simple$Dispatcher. Reason: Class net.bytebuddy.utility.JavaConstant$Simple$Dispatcher not found..
Warning: Cannot register dynamic proxy for interface list: net.bytebuddy.utility.JavaConstant$Simple$Dispatcher$OfClassDesc. Reason: Class net.bytebuddy.utility.JavaConstant$Simple$Dispatcher$OfClassDesc not found..
Warning: Cannot register dynamic proxy for interface list: net.bytebuddy.utility.JavaConstant$Simple$Dispatcher$OfDirectMethodHandleDesc. Reason: Class net.bytebuddy.utility.JavaConstant$Simple$Dispatcher$OfDirectMethodHandleDesc not found..
Warning: Cannot register dynamic proxy for interface list: net.bytebuddy.utility.JavaConstant$Simple$Dispatcher$OfDirectMethodHandleDesc$ForKind. Reason: Class net.bytebuddy.utility.JavaConstant$Simple$Dispatcher$OfDirectMethodHandleDesc$ForKind not found..
Warning: Cannot register dynamic proxy for interface list: net.bytebuddy.utility.JavaConstant$Simple$Dispatcher$OfDynamicConstantDesc. Reason: Class net.bytebuddy.utility.JavaConstant$Simple$Dispatcher$OfDynamicConstantDesc not found..
Warning: Cannot register dynamic proxy for interface list: net.bytebuddy.utility.JavaConstant$Simple$Dispatcher$OfMethodHandleDesc. Reason: Class net.bytebuddy.utility.JavaConstant$Simple$Dispatcher$OfMethodHandleDesc not found..
Warning: Cannot register dynamic proxy for interface list: net.bytebuddy.utility.JavaConstant$Simple$Dispatcher$OfMethodTypeDesc. Reason: Class net.bytebuddy.utility.JavaConstant$Simple$Dispatcher$OfMethodTypeDesc not found..
Warning: Cannot register dynamic proxy for interface list: net.bytebuddy.utility.JavaModule$Module. Reason: Class net.bytebuddy.utility.JavaModule$Module not found..
Warning: Cannot register dynamic proxy for interface list: net.bytebuddy.utility.JavaModule$Resolver. Reason: Class net.bytebuddy.utility.JavaModule$Resolver not found..
Warning: Unknown attribute(s) [allDeclaredClasses, allPublicClasses] in reflection class descriptor object
Warning: Could not resolve org.junit.platform.launcher.TestIdentifier$SerializedForm for serialization configuration.
[1/8] Initializing...                                                                                   (12.1s @ 0.57GB)
 Java version: 25.0.1+8, vendor version: GraalVM CE 25.0.1+8.1
 Graal compiler: optimization level: 2, target machine: armv8.1-a
 C compiler: cc (apple, arm64, 21.0.0)
 Garbage collector: Serial GC (max heap size: 80% of RAM)
 5 user-specific feature(s):
 - com.google.api.gax.grpc.nativeimage.GrpcNettyFeature
 - com.google.api.gax.nativeimage.GoogleJsonClientFeature
 - com.google.api.gax.nativeimage.OpenCensusFeature
 - com.oracle.svm.thirdparty.gson.GsonFeature
 - org.springframework.aot.nativex.feature.PreComputeFieldFeature
------------------------------------------------------------------------------------------------------------------------
 2 experimental option(s) unlocked:
 - '-H:ResourceConfigurationResources' (origin(s): 'META-INF/native-image/com.networknt/json-schema-validator/native-image.properties' in 'file:///Users/samzhu/.gradle/caches/modules-2/files-2.1/com.networknt/json-schema-validator/3.0.1/c376290e5c7a3f95d36d8ad1679e18bfb42ed90d/json-schema-validator-3.0.1.jar')
 - '-H:ReflectionConfigurationResources' (origin(s): 'META-INF/native-image/com.networknt/json-schema-validator/native-image.properties' in 'file:///Users/samzhu/.gradle/caches/modules-2/files-2.1/com.networknt/json-schema-validator/3.0.1/c376290e5c7a3f95d36d8ad1679e18bfb42ed90d/json-schema-validator-3.0.1.jar')
------------------------------------------------------------------------------------------------------------------------
Build resources:
 - 14.88GB of memory (21.6% of system memory, using available memory)
 - 10 thread(s) (100.0% of 10 available processor(s), determined at start)
5µ£ł 09, 2026 10:03:53 õĖŗÕŹł com.google.api.gax.nativeimage.NativeImageUtils registerClassForReflection
WARNING: Failed to find com.google.common.util.concurrent.AbstractFuture$Waiter on the classpath for reflection.
5µ£ł 09, 2026 10:03:53 õĖŗÕŹł com.google.api.gax.nativeimage.NativeImageUtils registerClassForReflection
WARNING: Failed to find io.grpc.netty.shaded.io.netty.channel.ProtocolNegotiators on the classpath for reflection.
5µ£ł 09, 2026 10:03:53 õĖŗÕŹł com.google.api.gax.nativeimage.NativeImageUtils registerForUnsafeFieldAccess
WARNING: Failed to find io.grpc.netty.shaded.io.netty.util.internal.shaded.org.jctools.queues.unpadded.BaseMpscLinkedUnpaddedArrayQueueProducerFields on the classpath for unsafe fields access registration.
5µ£ł 09, 2026 10:03:53 õĖŗÕŹł com.google.api.gax.nativeimage.NativeImageUtils registerForUnsafeFieldAccess
WARNING: Failed to find io.grpc.netty.shaded.io.netty.util.internal.shaded.org.jctools.queues.unpadded.BaseMpscLinkedUnpaddedArrayQueueColdProducerFields on the classpath for unsafe fields access registration.
5µ£ł 09, 2026 10:03:53 õĖŗÕŹł com.google.api.gax.nativeimage.NativeImageUtils registerForUnsafeFieldAccess
WARNING: Failed to find io.grpc.netty.shaded.io.netty.util.internal.shaded.org.jctools.queues.unpadded.BaseMpscLinkedUnpaddedArrayQueueConsumerFields on the classpath for unsafe fields access registration.
WARNING: A restricted method in java.lang.System has been called
WARNING: java.lang.System::loadLibrary has been called by org.conscrypt.NativeLibraryUtil in an unnamed module (file:/Users/samzhu/.gradle/caches/modules-2/files-2.1/org.conscrypt/conscrypt-openjdk-uber/2.5.2/d858f142ea189c62771c505a6548d8606ac098fe/conscrypt-openjdk-uber-2.5.2.jar)
WARNING: Use --enable-native-access=ALL-UNNAMED to avoid a warning for callers in this module
WARNING: Restricted methods will be blocked in a future release unless native access is enabled

SLF4J(W): No SLF4J providers were found.
SLF4J(W): Defaulting to no-operation (NOP) logger implementation
SLF4J(W): See https://www.slf4j.org/codes.html#noProviders for further details.
[2/8] Performing analysis...  [*****]                                                                   (50.0s @ 6.02GB)
   48,264 types,  81,526 fields, and 309,320 methods found reachable
   19,545 types,  12,123 fields, and  91,411 methods registered for reflection
       83 types,      91 fields, and      67 methods registered for JNI access
        0 downcalls and 0 upcalls registered for foreign access
        5 native libraries: -framework CoreServices, -framework Foundation, dl, pthread, z
[3/8] Building universe...                                                                              (11.2s @ 6.09GB)
[4/8] Parsing methods...      [**]                                                                       (4.8s @ 6.52GB)
[5/8] Inlining methods...     [***]                                                                      (3.3s @ 6.91GB)
[6/8] Compiling methods...    [*******]                                                                 (47.5s @ 5.96GB)
[7/8] Laying out methods...   [*****]                                                                   (29.0s @ 8.02GB)
[8/8] Creating image...       [****]                                                                    (15.1s @ 9.08GB)
 120.77MB (51.69%) for code area:   217,136 compilation units
 110.43MB (47.26%) for image heap:  899,570 objects and 737 resources
   2.46MB ( 1.05%) for other data
 233.66MB in total image size, 233.66MB in total file size
------------------------------------------------------------------------------------------------------------------------
Top 10 origins of code area:                                Top 10 object types in image heap:
  16.11MB java.base                                           35.17MB byte[] for code metadata
  12.23MB grpc-xds-1.76.3.jar                                 14.56MB byte[] for java.lang.String
   5.77MB google-genai-1.44.0.jar                              9.65MB com.oracle.svm.core.hub.DynamicHubCompanion
   4.86MB proto-google-cloud-monitoring-v3-3.89.0.jar          8.21MB java.lang.Class
   4.36MB svm.jar (Native Image)                               7.93MB java.lang.String
   4.29MB tomcat-embed-core-11.0.21.jar                        7.22MB byte[] for reflection metadata
   3.78MB java.xml                                             6.46MB byte[] for embedded resources
   3.67MB grpc-netty-shaded-1.76.3.jar                         3.61MB c.oracle.svm.core.reflect.SubstrateMethodAccessor
   2.93MB jdk.proxy4                                           1.77MB c.o.svm.core.hub.DynamicHub$ReflectionMetadata
   2.90MB protobuf-java-4.33.2.jar                             1.55MB java.lang.String[]
  58.54MB for 319 more packages                               14.29MB for 8107 more object types
------------------------------------------------------------------------------------------------------------------------
Recommendations:
 FUTR: Use '--future-defaults=all' to prepare for future releases.
 AWT:  Use the tracing agent to collect metadata for AWT.
 HEAP: Set max heap for improved and more predictable memory usage.
 CPU:  Enable more CPU features with '-march=native' for improved performance.
------------------------------------------------------------------------------------------------------------------------
                      16.2s (9.2% of total time) in 1177 GCs | Peak RSS: 10.87GB | CPU load: 6.13
------------------------------------------------------------------------------------------------------------------------
Build artifacts:
 /Users/samzhu/workspace/github-samzhu/skills-hub/backend/build/native/nativeCompile/skillshub (executable)
========================================================================================================================
Finished generating 'skillshub' in 2m 56s.
[native-image-plugin] Native Image written to: /Users/samzhu/workspace/github-samzhu/skills-hub/backend/build/native/nativeCompile

BUILD SUCCESSFUL in 3m 17s
11 actionable tasks: 9 executed, 2 up-to-date
Consider enabling configuration cache to speed up this build: https://docs.gradle.org/9.4.1/userguide/configuration_cache_enabling.html
