To honour the JVM settings for this build a single-use Daemon process will be forked. For more on this, please refer to https://docs.gradle.org/9.4.1/userguide/gradle_daemon.html#sec:disabling_the_daemon in the Gradle documentation.
Daemon will be stopped at the end of the build 
> Task :bootBuildInfo

> Task :compileJava
Note: /Users/samzhu/workspace/github-samzhu/skills-hub/backend/src/main/java/io/github/samzhu/skillshub/shared/api/GlobalExceptionHandler.java uses or overrides a deprecated API.
Note: Recompile with -Xlint:deprecation for details.
Note: Some input files use unchecked or unsafe operations.
Note: Recompile with -Xlint:unchecked for details.

> Task :generateGitProperties
> Task :processResources
> Task :classes
> Task :resolveMainClassName

> Task :processAot

  .   ____          _            __ _ _
 /\\ / ___'_ __ _ _(_)_ __  __ _ \ \ \ \
( ( )\___ | '_ | '_| | '_ \/ _` | \ \ \ \
 \\/  ___)| |_)| | | | | || (_| |  ) ) ) )
  '  |____| .__|_| |_|_| |_\__, | / / / /
 =========|_|==============|___/=/_/_/_/

 :: Spring Boot ::                (v4.0.6)

2026-05-09T22:01:29.905+08:00  INFO 3195 --- [skillshub] [           main] i.g.s.skillshub.SkillshubApplication     : Starting SkillshubApplication using Java 25.0.1 with PID 3195 (/Users/samzhu/workspace/github-samzhu/skills-hub/backend/build/classes/java/main started by samzhu in /Users/samzhu/workspace/github-samzhu/skills-hub/backend)
2026-05-09T22:01:29.907+08:00  INFO 3195 --- [skillshub] [           main] i.g.s.skillshub.SkillshubApplication     : The following 2 profiles are active: "aot", "local"
2026-05-09T22:01:30.689+08:00  INFO 3195 --- [skillshub] [           main] .s.d.r.c.RepositoryConfigurationDelegate : Bootstrapping Spring Data JDBC repositories in DEFAULT mode.
2026-05-09T22:01:30.818+08:00  INFO 3195 --- [skillshub] [           main] .s.d.r.c.RepositoryConfigurationDelegate : Finished Spring Data repository scanning in 124 ms. Found 13 JDBC repository interfaces.
2026-05-09T22:01:31.088+08:00  INFO 3195 --- [skillshub] [           main] o.s.cloud.context.scope.GenericScope     : BeanFactory id=603097be-6e01-3a71-bb95-4692a90e600b
2026-05-09T22:01:32.511+08:00  INFO 3195 --- [skillshub] [cTaskExecutor-1] com.tngtech.archunit.core.PluginLoader   : Detected Java version 25.0.1
2026-05-09T22:01:34.058+08:00  INFO 3195 --- [skillshub] [           main] pplicationModulesFileGeneratingProcessor : Generating application modules information to META-INF/spring-modulith/application-modules.json
2026-05-09T22:01:34.399+08:00  INFO 3195 --- [skillshub] [           main] a.TransactionalEventListenerAotProcessor : Registering SkillDownloadedEvent (parameter of transactional event listener method io.github.samzhu.skillshub.analytics.AnalyticsProjection.on(…)) for reflection.
2026-05-09T22:01:34.401+08:00  INFO 3195 --- [skillshub] [           main] a.TransactionalEventListenerAotProcessor : Registering SkillRiskAssessedEvent (parameter of transactional event listener method io.github.samzhu.skillshub.audit.AuditEventListener.on(…)) for reflection.
2026-05-09T22:01:34.401+08:00  INFO 3195 --- [skillshub] [           main] a.TransactionalEventListenerAotProcessor : Registering SkillVersionPublishedFromAggregate (parameter of transactional event listener method io.github.samzhu.skillshub.audit.AuditEventListener.on(…)) for reflection.
2026-05-09T22:01:34.401+08:00  INFO 3195 --- [skillshub] [           main] a.TransactionalEventListenerAotProcessor : Registering SkillVersionPublishedEvent (parameter of transactional event listener method io.github.samzhu.skillshub.audit.AuditEventListener.on(…)) for reflection.
2026-05-09T22:01:34.401+08:00  INFO 3195 --- [skillshub] [           main] a.TransactionalEventListenerAotProcessor : Registering SkillCreatedEvent (parameter of transactional event listener method io.github.samzhu.skillshub.audit.AuditEventListener.on(…)) for reflection.
2026-05-09T22:01:34.401+08:00  INFO 3195 --- [skillshub] [           main] a.TransactionalEventListenerAotProcessor : Registering SkillSuspendedEvent (parameter of transactional event listener method io.github.samzhu.skillshub.audit.AuditEventListener.on(…)) for reflection.
2026-05-09T22:01:34.401+08:00  INFO 3195 --- [skillshub] [           main] a.TransactionalEventListenerAotProcessor : Registering SkillAclGrantedEvent (parameter of transactional event listener method io.github.samzhu.skillshub.audit.AuditEventListener.on(…)) for reflection.
2026-05-09T22:01:34.401+08:00  INFO 3195 --- [skillshub] [           main] a.TransactionalEventListenerAotProcessor : Registering SkillAclRevokedEvent (parameter of transactional event listener method io.github.samzhu.skillshub.audit.AuditEventListener.on(…)) for reflection.
2026-05-09T22:01:34.401+08:00  INFO 3195 --- [skillshub] [           main] a.TransactionalEventListenerAotProcessor : Registering SkillDownloadedEvent (parameter of transactional event listener method io.github.samzhu.skillshub.audit.AuditEventListener.on(…)) for reflection.
2026-05-09T22:01:34.401+08:00  INFO 3195 --- [skillshub] [           main] a.TransactionalEventListenerAotProcessor : Registering SkillReactivatedEvent (parameter of transactional event listener method io.github.samzhu.skillshub.audit.AuditEventListener.on(…)) for reflection.
2026-05-09T22:01:34.408+08:00  INFO 3195 --- [skillshub] [           main] a.TransactionalEventListenerAotProcessor : Registering SkillFlaggedEvent (parameter of transactional event listener method io.github.samzhu.skillshub.notification.NotificationProjectionListener.onSkillFlagged(…)) for reflection.
2026-05-09T22:01:34.408+08:00  INFO 3195 --- [skillshub] [           main] a.TransactionalEventListenerAotProcessor : Registering ReviewCreatedEvent (parameter of transactional event listener method io.github.samzhu.skillshub.notification.NotificationProjectionListener.onReviewCreated(…)) for reflection.
2026-05-09T22:01:34.408+08:00  INFO 3195 --- [skillshub] [           main] a.TransactionalEventListenerAotProcessor : Registering RequestClaimedEvent (parameter of transactional event listener method io.github.samzhu.skillshub.notification.NotificationProjectionListener.onRequestClaimed(…)) for reflection.
2026-05-09T22:01:34.408+08:00  INFO 3195 --- [skillshub] [           main] a.TransactionalEventListenerAotProcessor : Registering RequestFulfilledEvent (parameter of transactional event listener method io.github.samzhu.skillshub.notification.NotificationProjectionListener.onRequestFulfilled(…)) for reflection.
2026-05-09T22:01:34.408+08:00  INFO 3195 --- [skillshub] [           main] a.TransactionalEventListenerAotProcessor : Registering SkillVersionPublishedEvent (parameter of transactional event listener method io.github.samzhu.skillshub.notification.NotificationProjectionListener.onVersionPublished(…)) for reflection.
2026-05-09T22:01:34.411+08:00  INFO 3195 --- [skillshub] [           main] a.TransactionalEventListenerAotProcessor : Registering ReviewCreatedEvent (parameter of transactional event listener method io.github.samzhu.skillshub.review.SkillRatingProjectionListener.onReviewCreated(…)) for reflection.
2026-05-09T22:01:34.412+08:00  INFO 3195 --- [skillshub] [           main] a.TransactionalEventListenerAotProcessor : Registering ReviewDeletedEvent (parameter of transactional event listener method io.github.samzhu.skillshub.review.SkillRatingProjectionListener.onReviewDeleted(…)) for reflection.
2026-05-09T22:01:34.413+08:00  INFO 3195 --- [skillshub] [           main] a.TransactionalEventListenerAotProcessor : Registering SkillVersionPublishedEvent (parameter of transactional event listener method io.github.samzhu.skillshub.score.QualityScoreListener.on(…)) for reflection.
2026-05-09T22:01:34.417+08:00  INFO 3195 --- [skillshub] [           main] a.TransactionalEventListenerAotProcessor : Registering SkillVersionPublishedEvent (parameter of transactional event listener method io.github.samzhu.skillshub.search.SearchProjection.onVersionPublished(…)) for reflection.
2026-05-09T22:01:34.417+08:00  INFO 3195 --- [skillshub] [           main] a.TransactionalEventListenerAotProcessor : Registering SkillCreatedEvent (parameter of transactional event listener method io.github.samzhu.skillshub.search.SearchProjection.onSkillCreated(…)) for reflection.
2026-05-09T22:01:34.417+08:00  INFO 3195 --- [skillshub] [           main] a.TransactionalEventListenerAotProcessor : Registering SkillSuspendedEvent (parameter of transactional event listener method io.github.samzhu.skillshub.search.SearchProjection.onSkillSuspended(…)) for reflection.
2026-05-09T22:01:34.417+08:00  INFO 3195 --- [skillshub] [           main] a.TransactionalEventListenerAotProcessor : Registering SkillReactivatedEvent (parameter of transactional event listener method io.github.samzhu.skillshub.search.SearchProjection.onSkillReactivated(…)) for reflection.
2026-05-09T22:01:34.420+08:00  INFO 3195 --- [skillshub] [           main] a.TransactionalEventListenerAotProcessor : Registering SkillVersionPublishedEvent (parameter of transactional event listener method io.github.samzhu.skillshub.security.scan.ScanOrchestrator.on(…)) for reflection.
2026-05-09T22:01:34.431+08:00  INFO 3195 --- [skillshub] [           main] a.TransactionalEventListenerAotProcessor : Registering SkillGrantedEvent (parameter of transactional event listener method io.github.samzhu.skillshub.skill.security.SkillAclProjectionListener.onGranted(…)) for reflection.
2026-05-09T22:01:34.431+08:00  INFO 3195 --- [skillshub] [           main] a.TransactionalEventListenerAotProcessor : Registering SkillRevokedEvent (parameter of transactional event listener method io.github.samzhu.skillshub.skill.security.SkillAclProjectionListener.onRevoked(…)) for reflection.
2026-05-09T22:01:34.431+08:00  INFO 3195 --- [skillshub] [           main] a.TransactionalEventListenerAotProcessor : Registering SkillCreatedEvent (parameter of transactional event listener method io.github.samzhu.skillshub.skill.security.SkillAclProjectionListener.onSkillCreated(…)) for reflection.

> Task :compileAotJava
Note: Some input files use unchecked or unsafe operations.
Note: Recompile with -Xlint:unchecked for details.

> Task :processAotResources
> Task :aotClasses
> Task :jar

> Task :generateResourcesConfigFile
[native-image-plugin] Resources configuration written into /Users/samzhu/workspace/github-samzhu/skills-hub/backend/build/native/generated/generateResourcesConfigFile/resource-config.json

> Task :nativeCompile FAILED
[native-image-plugin] GraalVM Toolchain detection is disabled
[native-image-plugin] GraalVM location read from environment variable: JAVA_HOME
[native-image-plugin] Native Image executable path: /Users/samzhu/.sdkman/candidates/java/25.0.1-graalce/lib/svm/bin/native-image
Warning: The option '-H:ReflectionConfigurationResources=META-INF/native-image/com.networknt/json-schema-validator/reflect-config.json' is experimental and must be enabled via '-H:+UnlockExperimentalVMOptions' in the future.
Warning: The option '-H:ResourceConfigurationResources=META-INF/native-image/com.networknt/json-schema-validator/resource-config.json' is experimental and must be enabled via '-H:+UnlockExperimentalVMOptions' in the future.
Warning: Please re-evaluate whether any experimental option is required, and either remove or unlock it. The build output lists all active experimental options, including where they come from and possible alternatives. If you think an experimental option should be considered as stable, please file an issue.
Error: '-XX:MissingRegistrationReportingMode=Throw' is not a valid mainclass. Specify a valid classname for the class that contains the main method.

[Incubating] Problems report is available at: file:///Users/samzhu/workspace/github-samzhu/skills-hub/backend/build/reports/problems/problems-report.html

FAILURE: Build failed with an exception.

* What went wrong:
Execution failed for task ':nativeCompile'.
> Process 'command '/Users/samzhu/.sdkman/candidates/java/25.0.1-graalce/bin/native-image'' finished with non-zero exit value 20

* Try:
> Run with --stacktrace option to get the stack trace.
> Run with --info or --debug option to get more log output.
> Run with --scan to get full insights from a Build Scan (powered by Develocity).
> Get more help at https://help.gradle.org.

BUILD FAILED in 22s
11 actionable tasks: 11 executed
